# JRE version: Java(TM) SE Runtime Environment (21.0.8+12) (build 21.0.8+12-LTS-250)
# Java VM: Java HotSpot(TM) 64-Bit Server VM (21.0.8+12-LTS-250, mixed mode, sharing, tiered, compressed oops, compressed class ptrs, g1 gc, windows-amd64)
GC Precious Log:
 CardTable entry size: 512
 Card Set container configuration: InlinePtr #cards 5 size 8 Array Of Cards #cards 12 size 40 Howl #buckets 4 coarsen threshold 1843 Howl Bitmap #cards 512 size 80 coarsen threshold 460 Card regions per heap region 1 cards per card region 2048
 CPUs: 4 total, 4 available
 Memory: 8076M
 Large Page Support: Disabled
 NUMA Support: Disabled
 Compressed Oops: Enabled (32-bit)
 Heap Region Size: 1M
 Heap Min Capacity: 8M
 Heap Initial Capacity: 128M
 Heap Max Capacity: 2020M
 Pre-touch: Disabled
 Parallel Workers: 4
 Concurrent Workers: 1
 Concurrent Refinement Workers: 4
 Periodic GC: Disabled
Heap:
 garbage-first heap   total 78848K, used 51028K [0x0000000081c00000, 0x0000000100000000)
  region size 1024K, 23 young (23552K), 5 survivors (5120K)
 Metaspace       used 33130K, committed 34048K, reserved 1114112K
  class space    used 4621K, committed 5056K, reserved 1048576K
GC Heap History (16 events):
Event: 1.897 GC heap before
{Heap before GC invocations=0 (full 0):
 garbage-first heap   total 131072K, used 15360K [0x0000000081c00000, 0x0000000100000000)
  region size 1024K, 13 young (13312K), 0 survivors (0K)
 Metaspace       used 1675K, committed 1920K, reserved 1114112K
  class space    used 139K, committed 256K, reserved 1048576K
}
Event: 1.910 GC heap after
{Heap after GC invocations=1 (full 0):
 garbage-first heap   total 131072K, used 8969K [0x0000000081c00000, 0x0000000100000000)
  region size 1024K, 2 young (2048K), 2 survivors (2048K)
 Metaspace       used 1675K, committed 1920K, reserved 1114112K
  class space    used 139K, committed 256K, reserved 1048576K
}
Event: 3.360 GC heap before
{Heap before GC invocations=1 (full 0):
 garbage-first heap   total 131072K, used 19209K [0x0000000081c00000, 0x0000000100000000)
  region size 1024K, 12 young (12288K), 2 survivors (2048K)
 Metaspace       used 6365K, committed 6592K, reserved 1114112K
  class space    used 681K, committed 768K, reserved 1048576K
}
Event: 3.365 GC heap after
{Heap after GC invocations=2 (full 0):
 garbage-first heap   total 131072K, used 10358K [0x0000000081c00000, 0x0000000100000000)
  region size 1024K, 2 young (2048K), 2 survivors (2048K)
 Metaspace       used 6365K, committed 6592K, reserved 1114112K
  class space    used 681K, committed 768K, reserved 1048576K
}
Event: 5.045 GC heap before
{Heap before GC invocations=2 (full 0):
 garbage-first heap   total 131072K, used 40054K [0x0000000081c00000, 0x0000000100000000)
  region size 1024K, 32 young (32768K), 2 survivors (2048K)
 Metaspace       used 12965K, committed 13312K, reserved 1114112K
  class space    used 1520K, committed 1664K, reserved 1048576K
}
Event: 5.052 GC heap after
{Heap after GC invocations=3 (full 0):
 garbage-first heap   total 131072K, used 12462K [0x0000000081c00000, 0x0000000100000000)
  region size 1024K, 4 young (4096K), 4 survivors (4096K)
 Metaspace       used 12965K, committed 13312K, reserved 1114112K
  class space    used 1520K, committed 1664K, reserved 1048576K
}
Event: 7.203 GC heap before
{Heap before GC invocations=3 (full 0):
 garbage-first heap   total 131072K, used 72878K [0x0000000081c00000, 0x0000000100000000)
  region size 1024K, 65 young (66560K), 4 survivors (4096K)
 Metaspace       used 20941K, committed 21504K, reserved 1114112K
  class space    used 2719K, committed 3008K, reserved 1048576K
}
Event: 7.221 GC heap after
{Heap after GC invocations=4 (full 0):
 garbage-first heap   total 131072K, used 18073K [0x0000000081c00000, 0x0000000100000000)
  region size 1024K, 9 young (9216K), 9 survivors (9216K)
 Metaspace       used 20941K, committed 21504K, reserved 1114112K
  class space    used 2719K, committed 3008K, reserved 1048576K
}
Event: 7.828 GC heap before
{Heap before GC invocations=5 (full 0):
 garbage-first heap   total 78848K, used 55961K [0x0000000081c00000, 0x0000000100000000)
  region size 1024K, 46 young (47104K), 9 survivors (9216K)
 Metaspace       used 22287K, committed 22976K, reserved 1114112K
  class space    used 3079K, committed 3392K, reserved 1048576K
}
Event: 7.857 GC heap after
{Heap after GC invocations=6 (full 0):
 garbage-first heap   total 78848K, used 23104K [0x0000000081c00000, 0x0000000100000000)
  region size 1024K, 5 young (5120K), 5 survivors (5120K)
 Metaspace       used 22287K, committed 22976K, reserved 1114112K
  class space    used 3079K, committed 3392K, reserved 1048576K
}
Event: 7.970 GC heap before
{Heap before GC invocations=6 (full 0):
 garbage-first heap   total 78848K, used 32320K [0x0000000081c00000, 0x0000000100000000)
  region size 1024K, 14 young (14336K), 5 survivors (5120K)
 Metaspace       used 22501K, committed 23232K, reserved 1114112K
  class space    used 3124K, committed 3456K, reserved 1048576K
}
Event: 7.985 GC heap after
{Heap after GC invocations=7 (full 0):
 garbage-first heap   total 78848K, used 23617K [0x0000000081c00000, 0x0000000100000000)
  region size 1024K, 2 young (2048K), 2 survivors (2048K)
 Metaspace       used 22501K, committed 23232K, reserved 1114112K
  class space    used 3124K, committed 3456K, reserved 1048576K
}
Event: 8.671 GC heap before
{Heap before GC invocations=7 (full 0):
 garbage-first heap   total 78848K, used 60481K [0x0000000081c00000, 0x0000000100000000)
  region size 1024K, 39 young (39936K), 2 survivors (2048K)
 Metaspace       used 24160K, committed 24896K, reserved 1114112K
  class space    used 3366K, committed 3648K, reserved 1048576K
}
Event: 8.679 GC heap after
{Heap after GC invocations=8 (full 0):
 garbage-first heap   total 78848K, used 28316K [0x0000000081c00000, 0x0000000100000000)
  region size 1024K, 5 young (5120K), 5 survivors (5120K)
 Metaspace       used 24160K, committed 24896K, reserved 1114112K
  class space    used 3366K, committed 3648K, reserved 1048576K
}
Event: 17.538 GC heap before
{Heap before GC invocations=8 (full 0):
 garbage-first heap   total 78848K, used 63132K [0x0000000081c00000, 0x0000000100000000)
  region size 1024K, 40 young (40960K), 5 survivors (5120K)
 Metaspace       used 31989K, committed 32832K, reserved 1114112K
  class space    used 4473K, committed 4864K, reserved 1048576K
}
Event: 17.555 GC heap after
{Heap after GC invocations=9 (full 0):
 garbage-first heap   total 78848K, used 34644K [0x0000000081c00000, 0x0000000100000000)
  region size 1024K, 5 young (5120K), 5 survivors (5120K)
 Metaspace       used 31989K, committed 32832K, reserved 1114112K
  class space    used 4473K, committed 4864K, reserved 1048576K
}

