# JRE version: Java(TM) SE Runtime Environment (21.0.8+12) (build 21.0.8+12-LTS-250)
# Java VM: Java HotSpot(TM) 64-Bit Server VM (21.0.8+12-LTS-250, mixed mode, sharing, tiered, compressed oops, compressed class ptrs, g1 gc, windows-amd64)
GC Precious Log:
 CardTable entry size: 512
 Card Set container configuration: InlinePtr #cards 4 size 8 Array Of Cards #cards 16 size 48 Howl #buckets 8 coarsen threshold 3686 Howl Bitmap #cards 512 size 80 coarsen threshold 460 Card regions per heap region 1 cards per card region 4096
 CPUs: 8 total, 8 available
 Memory: 16217M
 Large Page Support: Disabled
 NUMA Support: Disabled
 Compressed Oops: Enabled (Zero based)
 Heap Region Size: 2M
 Heap Min Capacity: 8M
 Heap Initial Capacity: 254M
 Heap Max Capacity: 4056M
 Pre-touch: Disabled
 Parallel Workers: 8
 Concurrent Workers: 2
 Concurrent Refinement Workers: 8
 Periodic GC: Disabled
Heap:
 garbage-first heap   total 92160K, used 58179K [0x0000000702800000, 0x0000000800000000)
  region size 2048K, 7 young (14336K), 2 survivors (4096K)
 Metaspace       used 50057K, committed 50816K, reserved 1114112K
  class space    used 6770K, committed 7104K, reserved 1048576K
GC Heap History (20 events):
Event: 734.105 GC heap before
{Heap before GC invocations=41 (full 0):
 garbage-first heap   total 90112K, used 80613K [0x0000000702800000, 0x0000000800000000)
  region size 2048K, 17 young (34816K), 1 survivors (2048K)
 Metaspace       used 49482K, committed 50240K, reserved 1114112K
  class space    used 6744K, committed 7104K, reserved 1048576K
}
Event: 734.110 GC heap after
{Heap after GC invocations=42 (full 0):
 garbage-first heap   total 90112K, used 47987K [0x0000000702800000, 0x0000000800000000)
  region size 2048K, 2 young (4096K), 2 survivors (4096K)
 Metaspace       used 49482K, committed 50240K, reserved 1114112K
  class space    used 6744K, committed 7104K, reserved 1048576K
}
Event: 738.154 GC heap before
{Heap before GC invocations=42 (full 0):
 garbage-first heap   total 90112K, used 74611K [0x0000000702800000, 0x0000000800000000)
  region size 2048K, 16 young (32768K), 2 survivors (4096K)
 Metaspace       used 49672K, committed 50432K, reserved 1114112K
  class space    used 6767K, committed 7104K, reserved 1048576K
}
Event: 738.162 GC heap after
{Heap after GC invocations=43 (full 0):
 garbage-first heap   total 90112K, used 47804K [0x0000000702800000, 0x0000000800000000)
  region size 2048K, 2 young (4096K), 2 survivors (4096K)
 Metaspace       used 49672K, committed 50432K, reserved 1114112K
  class space    used 6767K, committed 7104K, reserved 1048576K
}
Event: 743.020 GC heap before
{Heap before GC invocations=43 (full 0):
 garbage-first heap   total 90112K, used 76476K [0x0000000702800000, 0x0000000800000000)
  region size 2048K, 16 young (32768K), 2 survivors (4096K)
 Metaspace       used 49839K, committed 50560K, reserved 1114112K
  class space    used 6767K, committed 7104K, reserved 1048576K
}
Event: 743.030 GC heap after
{Heap after GC invocations=44 (full 0):
 garbage-first heap   total 90112K, used 48302K [0x0000000702800000, 0x0000000800000000)
  region size 2048K, 1 young (2048K), 1 survivors (2048K)
 Metaspace       used 49839K, committed 50560K, reserved 1114112K
  class space    used 6767K, committed 7104K, reserved 1048576K
}
Event: 747.091 GC heap before
{Heap before GC invocations=45 (full 0):
 garbage-first heap   total 90112K, used 81070K [0x0000000702800000, 0x0000000800000000)
  region size 2048K, 17 young (34816K), 1 survivors (2048K)
 Metaspace       used 49921K, committed 50624K, reserved 1114112K
  class space    used 6767K, committed 7104K, reserved 1048576K
}
Event: 747.098 GC heap after
{Heap after GC invocations=46 (full 0):
 garbage-first heap   total 90112K, used 49127K [0x0000000702800000, 0x0000000800000000)
  region size 2048K, 2 young (4096K), 2 survivors (4096K)
 Metaspace       used 49921K, committed 50624K, reserved 1114112K
  class space    used 6767K, committed 7104K, reserved 1048576K
}
Event: 750.157 GC heap before
{Heap before GC invocations=46 (full 0):
 garbage-first heap   total 90112K, used 77799K [0x0000000702800000, 0x0000000800000000)
  region size 2048K, 16 young (32768K), 2 survivors (4096K)
 Metaspace       used 49948K, committed 50688K, reserved 1114112K
  class space    used 6768K, committed 7104K, reserved 1048576K
}
Event: 750.171 GC heap after
{Heap after GC invocations=47 (full 0):
 garbage-first heap   total 90112K, used 48958K [0x0000000702800000, 0x0000000800000000)
  region size 2048K, 2 young (4096K), 2 survivors (4096K)
 Metaspace       used 49948K, committed 50688K, reserved 1114112K
  class space    used 6768K, committed 7104K, reserved 1048576K
}
Event: 752.942 GC heap before
{Heap before GC invocations=47 (full 0):
 garbage-first heap   total 90112K, used 77630K [0x0000000702800000, 0x0000000800000000)
  region size 2048K, 16 young (32768K), 2 survivors (4096K)
 Metaspace       used 49948K, committed 50688K, reserved 1114112K
  class space    used 6768K, committed 7104K, reserved 1048576K
}
Event: 752.947 GC heap after
{Heap after GC invocations=48 (full 0):
 garbage-first heap   total 90112K, used 48961K [0x0000000702800000, 0x0000000800000000)
  region size 2048K, 1 young (2048K), 1 survivors (2048K)
 Metaspace       used 49948K, committed 50688K, reserved 1114112K
  class space    used 6768K, committed 7104K, reserved 1048576K
}
Event: 756.046 GC heap before
{Heap before GC invocations=49 (full 0):
 garbage-first heap   total 90112K, used 81729K [0x0000000702800000, 0x0000000800000000)
  region size 2048K, 17 young (34816K), 1 survivors (2048K)
 Metaspace       used 50010K, committed 50816K, reserved 1114112K
  class space    used 6770K, committed 7104K, reserved 1048576K
}
Event: 756.053 GC heap after
{Heap after GC invocations=50 (full 0):
 garbage-first heap   total 90112K, used 49419K [0x0000000702800000, 0x0000000800000000)
  region size 2048K, 2 young (4096K), 2 survivors (4096K)
 Metaspace       used 50010K, committed 50816K, reserved 1114112K
  class space    used 6770K, committed 7104K, reserved 1048576K
}
Event: 757.516 GC heap before
{Heap before GC invocations=50 (full 0):
 garbage-first heap   total 90112K, used 78091K [0x0000000702800000, 0x0000000800000000)
  region size 2048K, 16 young (32768K), 2 survivors (4096K)
 Metaspace       used 50010K, committed 50816K, reserved 1114112K
  class space    used 6770K, committed 7104K, reserved 1048576K
}
Event: 757.545 GC heap after
{Heap after GC invocations=51 (full 0):
 garbage-first heap   total 90112K, used 48927K [0x0000000702800000, 0x0000000800000000)
  region size 2048K, 2 young (4096K), 2 survivors (4096K)
 Metaspace       used 50010K, committed 50816K, reserved 1114112K
  class space    used 6770K, committed 7104K, reserved 1048576K
}
Event: 759.321 GC heap before
{Heap before GC invocations=51 (full 0):
 garbage-first heap   total 90112K, used 75551K [0x0000000702800000, 0x0000000800000000)
  region size 2048K, 16 young (32768K), 2 survivors (4096K)
 Metaspace       used 50019K, committed 50816K, reserved 1114112K
  class space    used 6770K, committed 7104K, reserved 1048576K
}
Event: 759.325 GC heap after
{Heap after GC invocations=52 (full 0):
 garbage-first heap   total 90112K, used 49218K [0x0000000702800000, 0x0000000800000000)
  region size 2048K, 2 young (4096K), 2 survivors (4096K)
 Metaspace       used 50019K, committed 50816K, reserved 1114112K
  class space    used 6770K, committed 7104K, reserved 1048576K
}
Event: 863.656 GC heap before
{Heap before GC invocations=53 (full 0):
 garbage-first heap   total 92160K, used 75842K [0x0000000702800000, 0x0000000800000000)
  region size 2048K, 16 young (32768K), 2 survivors (4096K)
 Metaspace       used 50033K, committed 50816K, reserved 1114112K
  class space    used 6770K, committed 7104K, reserved 1048576K
}
Event: 863.791 GC heap after
{Heap after GC invocations=54 (full 0):
 garbage-first heap   total 92160K, used 49987K [0x0000000702800000, 0x0000000800000000)
  region size 2048K, 2 young (4096K), 2 survivors (4096K)
 Metaspace       used 50033K, committed 50816K, reserved 1114112K
  class space    used 6770K, committed 7104K, reserved 1048576K
}

