<?xml version="1.0" encoding="UTF-8"?>
<!-- Generated by org.testng.reporters.JUnitXMLReporter -->
<testsuite ignored="0" hostname="DESKTOP-2R2F6VF" failures="12" tests="12" name="Default test" time="50.751" errors="0" timestamp="2025-10-14T14:44:02 IST">
  <testcase classname="io.cucumber.testng.AbstractTestNGCucumberTests" name="runScenario" time="5.539">
    <failure type="io.cucumber.testng.UndefinedStepException" message="The step &amp;apos;The user is on the Home page after sign in&amp;apos; and 2 other step(s) are undefined.
You can implement these steps using the snippet(s) below:

@Given(&amp;quot;The user is on the Home page after sign in&amp;quot;)
public void the_user_is_on_the_home_page_after_sign_in() {
    // Write code here that turns the phrase above into concrete actions
    throw new io.cucumber.java.PendingException();
}
@When(&amp;quot;The user selects {string} from the drop down after Sign in.&amp;quot;)
public void the_user_selects_from_the_drop_down_after_sign_in(String string) {
    // Write code here that turns the phrase above into concrete actions
    throw new io.cucumber.java.PendingException();
}
@Then(&amp;quot;The user should be able to see Array page with details.&amp;quot;)
public void the_user_should_be_able_to_see_array_page_with_details() {
    // Write code here that turns the phrase above into concrete actions
    throw new io.cucumber.java.PendingException();
}
">
      <![CDATA[io.cucumber.testng.UndefinedStepException: The step 'The user is on the Home page after sign in' and 2 other step(s) are undefined.
You can implement these steps using the snippet(s) below:

@Given("The user is on the Home page after sign in")
public void the_user_is_on_the_home_page_after_sign_in() {
    // Write code here that turns the phrase above into concrete actions
    throw new io.cucumber.java.PendingException();
}
@When("The user selects {string} from the drop down after Sign in.")
public void the_user_selects_from_the_drop_down_after_sign_in(String string) {
    // Write code here that turns the phrase above into concrete actions
    throw new io.cucumber.java.PendingException();
}
@Then("The user should be able to see Array page with details.")
public void the_user_should_be_able_to_see_array_page_with_details() {
    // Write code here that turns the phrase above into concrete actions
    throw new io.cucumber.java.PendingException();
}

at ✽.The user is on the Home page after sign in(file:///C:/Users/prash/github/DS_Algo/src/test/resources/features/homePagewithLogin.feature:6)
]]>
    </failure>
  </testcase> <!-- runScenario -->
  <testcase classname="io.cucumber.testng.AbstractTestNGCucumberTests" name="runScenario" time="5.253">
    <failure type="io.cucumber.testng.UndefinedStepException" message="The step &amp;apos;The user is on the Home page  after sign in&amp;apos; and 2 other step(s) are undefined.
You can implement these steps using the snippet(s) below:

@Given(&amp;quot;The user is on the Home page  after sign in&amp;quot;)
public void the_user_is_on_the_home_page_after_sign_in() {
    // Write code here that turns the phrase above into concrete actions
    throw new io.cucumber.java.PendingException();
}
@When(&amp;quot;The user selects {string} from the drop down after Sign in.&amp;quot;)
public void the_user_selects_from_the_drop_down_after_sign_in(String string) {
    // Write code here that turns the phrase above into concrete actions
    throw new io.cucumber.java.PendingException();
}
@Then(&amp;quot;The user should be able to see Linked List page with details.&amp;quot;)
public void the_user_should_be_able_to_see_linked_list_page_with_details() {
    // Write code here that turns the phrase above into concrete actions
    throw new io.cucumber.java.PendingException();
}
">
      <![CDATA[io.cucumber.testng.UndefinedStepException: The step 'The user is on the Home page  after sign in' and 2 other step(s) are undefined.
You can implement these steps using the snippet(s) below:

@Given("The user is on the Home page  after sign in")
public void the_user_is_on_the_home_page_after_sign_in() {
    // Write code here that turns the phrase above into concrete actions
    throw new io.cucumber.java.PendingException();
}
@When("The user selects {string} from the drop down after Sign in.")
public void the_user_selects_from_the_drop_down_after_sign_in(String string) {
    // Write code here that turns the phrase above into concrete actions
    throw new io.cucumber.java.PendingException();
}
@Then("The user should be able to see Linked List page with details.")
public void the_user_should_be_able_to_see_linked_list_page_with_details() {
    // Write code here that turns the phrase above into concrete actions
    throw new io.cucumber.java.PendingException();
}

at ✽.The user is on the Home page  after sign in(file:///C:/Users/prash/github/DS_Algo/src/test/resources/features/homePagewithLogin.feature:11)
]]>
    </failure>
  </testcase> <!-- runScenario -->
  <testcase classname="io.cucumber.testng.AbstractTestNGCucumberTests" name="runScenario" time="4.222">
    <failure type="io.cucumber.testng.UndefinedStepException" message="The step &amp;apos;The user is on the Home page after sign in&amp;apos; and 2 other step(s) are undefined.
You can implement these steps using the snippet(s) below:

@Given(&amp;quot;The user is on the Home page after sign in&amp;quot;)
public void the_user_is_on_the_home_page_after_sign_in() {
    // Write code here that turns the phrase above into concrete actions
    throw new io.cucumber.java.PendingException();
}
@When(&amp;quot;The user selects {string} from the drop down after Sign in.&amp;quot;)
public void the_user_selects_from_the_drop_down_after_sign_in(String string) {
    // Write code here that turns the phrase above into concrete actions
    throw new io.cucumber.java.PendingException();
}
@Then(&amp;quot;The user should be able to see Queue page with details.&amp;quot;)
public void the_user_should_be_able_to_see_queue_page_with_details() {
    // Write code here that turns the phrase above into concrete actions
    throw new io.cucumber.java.PendingException();
}
">
      <![CDATA[io.cucumber.testng.UndefinedStepException: The step 'The user is on the Home page after sign in' and 2 other step(s) are undefined.
You can implement these steps using the snippet(s) below:

@Given("The user is on the Home page after sign in")
public void the_user_is_on_the_home_page_after_sign_in() {
    // Write code here that turns the phrase above into concrete actions
    throw new io.cucumber.java.PendingException();
}
@When("The user selects {string} from the drop down after Sign in.")
public void the_user_selects_from_the_drop_down_after_sign_in(String string) {
    // Write code here that turns the phrase above into concrete actions
    throw new io.cucumber.java.PendingException();
}
@Then("The user should be able to see Queue page with details.")
public void the_user_should_be_able_to_see_queue_page_with_details() {
    // Write code here that turns the phrase above into concrete actions
    throw new io.cucumber.java.PendingException();
}

at ✽.The user is on the Home page after sign in(file:///C:/Users/prash/github/DS_Algo/src/test/resources/features/homePagewithLogin.feature:16)
]]>
    </failure>
  </testcase> <!-- runScenario -->
  <testcase classname="io.cucumber.testng.AbstractTestNGCucumberTests" name="runScenario" time="3.947">
    <failure type="io.cucumber.testng.UndefinedStepException" message="The step &amp;apos;The user is on the Home page after sign in&amp;apos; and 2 other step(s) are undefined.
You can implement these steps using the snippet(s) below:

@Given(&amp;quot;The user is on the Home page after sign in&amp;quot;)
public void the_user_is_on_the_home_page_after_sign_in() {
    // Write code here that turns the phrase above into concrete actions
    throw new io.cucumber.java.PendingException();
}
@When(&amp;quot;The user selects {string} from the drop down after Sign in.&amp;quot;)
public void the_user_selects_from_the_drop_down_after_sign_in(String string) {
    // Write code here that turns the phrase above into concrete actions
    throw new io.cucumber.java.PendingException();
}
@Then(&amp;quot;The user should be able to see Tree page with details.&amp;quot;)
public void the_user_should_be_able_to_see_tree_page_with_details() {
    // Write code here that turns the phrase above into concrete actions
    throw new io.cucumber.java.PendingException();
}
">
      <![CDATA[io.cucumber.testng.UndefinedStepException: The step 'The user is on the Home page after sign in' and 2 other step(s) are undefined.
You can implement these steps using the snippet(s) below:

@Given("The user is on the Home page after sign in")
public void the_user_is_on_the_home_page_after_sign_in() {
    // Write code here that turns the phrase above into concrete actions
    throw new io.cucumber.java.PendingException();
}
@When("The user selects {string} from the drop down after Sign in.")
public void the_user_selects_from_the_drop_down_after_sign_in(String string) {
    // Write code here that turns the phrase above into concrete actions
    throw new io.cucumber.java.PendingException();
}
@Then("The user should be able to see Tree page with details.")
public void the_user_should_be_able_to_see_tree_page_with_details() {
    // Write code here that turns the phrase above into concrete actions
    throw new io.cucumber.java.PendingException();
}

at ✽.The user is on the Home page after sign in(file:///C:/Users/prash/github/DS_Algo/src/test/resources/features/homePagewithLogin.feature:21)
]]>
    </failure>
  </testcase> <!-- runScenario -->
  <testcase classname="io.cucumber.testng.AbstractTestNGCucumberTests" name="runScenario" time="4.122">
    <failure type="io.cucumber.testng.UndefinedStepException" message="The step &amp;apos;The user is on the Home page after sign in&amp;apos; and 2 other step(s) are undefined.
You can implement these steps using the snippet(s) below:

@Given(&amp;quot;The user is on the Home page after sign in&amp;quot;)
public void the_user_is_on_the_home_page_after_sign_in() {
    // Write code here that turns the phrase above into concrete actions
    throw new io.cucumber.java.PendingException();
}
@When(&amp;quot;The user selects {string} from the drop down after Sign in.&amp;quot;)
public void the_user_selects_from_the_drop_down_after_sign_in(String string) {
    // Write code here that turns the phrase above into concrete actions
    throw new io.cucumber.java.PendingException();
}
@Then(&amp;quot;The user should be able to see Graph page with details.&amp;quot;)
public void the_user_should_be_able_to_see_graph_page_with_details() {
    // Write code here that turns the phrase above into concrete actions
    throw new io.cucumber.java.PendingException();
}
">
      <![CDATA[io.cucumber.testng.UndefinedStepException: The step 'The user is on the Home page after sign in' and 2 other step(s) are undefined.
You can implement these steps using the snippet(s) below:

@Given("The user is on the Home page after sign in")
public void the_user_is_on_the_home_page_after_sign_in() {
    // Write code here that turns the phrase above into concrete actions
    throw new io.cucumber.java.PendingException();
}
@When("The user selects {string} from the drop down after Sign in.")
public void the_user_selects_from_the_drop_down_after_sign_in(String string) {
    // Write code here that turns the phrase above into concrete actions
    throw new io.cucumber.java.PendingException();
}
@Then("The user should be able to see Graph page with details.")
public void the_user_should_be_able_to_see_graph_page_with_details() {
    // Write code here that turns the phrase above into concrete actions
    throw new io.cucumber.java.PendingException();
}

at ✽.The user is on the Home page after sign in(file:///C:/Users/prash/github/DS_Algo/src/test/resources/features/homePagewithLogin.feature:26)
]]>
    </failure>
  </testcase> <!-- runScenario -->
  <testcase classname="io.cucumber.testng.AbstractTestNGCucumberTests" name="runScenario" time="3.855">
    <failure type="io.cucumber.testng.UndefinedStepException" message="The step &amp;apos;The user is on the Home page after sign in&amp;apos; and 2 other step(s) are undefined.
You can implement these steps using the snippet(s) below:

@Given(&amp;quot;The user is on the Home page after sign in&amp;quot;)
public void the_user_is_on_the_home_page_after_sign_in() {
    // Write code here that turns the phrase above into concrete actions
    throw new io.cucumber.java.PendingException();
}
@When(&amp;quot;The user clicks {string} buttons of {string} tab on the homepage after Sign in&amp;quot;)
public void the_user_clicks_buttons_of_tab_on_the_homepage_after_sign_in(String string, String string2) {
    // Write code here that turns the phrase above into concrete actions
    throw new io.cucumber.java.PendingException();
}
@Then(&amp;quot;The user should be able to see Data Structures-Introduction page with details.&amp;quot;)
public void the_user_should_be_able_to_see_data_structures_introduction_page_with_details() {
    // Write code here that turns the phrase above into concrete actions
    throw new io.cucumber.java.PendingException();
}
">
      <![CDATA[io.cucumber.testng.UndefinedStepException: The step 'The user is on the Home page after sign in' and 2 other step(s) are undefined.
You can implement these steps using the snippet(s) below:

@Given("The user is on the Home page after sign in")
public void the_user_is_on_the_home_page_after_sign_in() {
    // Write code here that turns the phrase above into concrete actions
    throw new io.cucumber.java.PendingException();
}
@When("The user clicks {string} buttons of {string} tab on the homepage after Sign in")
public void the_user_clicks_buttons_of_tab_on_the_homepage_after_sign_in(String string, String string2) {
    // Write code here that turns the phrase above into concrete actions
    throw new io.cucumber.java.PendingException();
}
@Then("The user should be able to see Data Structures-Introduction page with details.")
public void the_user_should_be_able_to_see_data_structures_introduction_page_with_details() {
    // Write code here that turns the phrase above into concrete actions
    throw new io.cucumber.java.PendingException();
}

at ✽.The user is on the Home page after sign in(file:///C:/Users/prash/github/DS_Algo/src/test/resources/features/homePagewithLogin.feature:31)
]]>
    </failure>
  </testcase> <!-- runScenario -->
  <testcase classname="io.cucumber.testng.AbstractTestNGCucumberTests" name="runScenario" time="3.208">
    <failure type="io.cucumber.testng.UndefinedStepException" message="The step &amp;apos;The user is on the Home page after sign in&amp;apos; and 2 other step(s) are undefined.
You can implement these steps using the snippet(s) below:

@Given(&amp;quot;The user is on the Home page after sign in&amp;quot;)
public void the_user_is_on_the_home_page_after_sign_in() {
    // Write code here that turns the phrase above into concrete actions
    throw new io.cucumber.java.PendingException();
}
@When(&amp;quot;The user clicks {string} buttons of {string} tab on the homepage after Sign in&amp;quot;)
public void the_user_clicks_buttons_of_tab_on_the_homepage_after_sign_in(String string, String string2) {
    // Write code here that turns the phrase above into concrete actions
    throw new io.cucumber.java.PendingException();
}
@Then(&amp;quot;The user should be able to see Array page with details.&amp;quot;)
public void the_user_should_be_able_to_see_array_page_with_details() {
    // Write code here that turns the phrase above into concrete actions
    throw new io.cucumber.java.PendingException();
}
">
      <![CDATA[io.cucumber.testng.UndefinedStepException: The step 'The user is on the Home page after sign in' and 2 other step(s) are undefined.
You can implement these steps using the snippet(s) below:

@Given("The user is on the Home page after sign in")
public void the_user_is_on_the_home_page_after_sign_in() {
    // Write code here that turns the phrase above into concrete actions
    throw new io.cucumber.java.PendingException();
}
@When("The user clicks {string} buttons of {string} tab on the homepage after Sign in")
public void the_user_clicks_buttons_of_tab_on_the_homepage_after_sign_in(String string, String string2) {
    // Write code here that turns the phrase above into concrete actions
    throw new io.cucumber.java.PendingException();
}
@Then("The user should be able to see Array page with details.")
public void the_user_should_be_able_to_see_array_page_with_details() {
    // Write code here that turns the phrase above into concrete actions
    throw new io.cucumber.java.PendingException();
}

at ✽.The user is on the Home page after sign in(file:///C:/Users/prash/github/DS_Algo/src/test/resources/features/homePagewithLogin.feature:36)
]]>
    </failure>
  </testcase> <!-- runScenario -->
  <testcase classname="io.cucumber.testng.AbstractTestNGCucumberTests" name="runScenario" time="3.479">
    <failure type="io.cucumber.testng.UndefinedStepException" message="The step &amp;apos;The user is on the Home page after sign in&amp;apos; and 2 other step(s) are undefined.
You can implement these steps using the snippet(s) below:

@Given(&amp;quot;The user is on the Home page after sign in&amp;quot;)
public void the_user_is_on_the_home_page_after_sign_in() {
    // Write code here that turns the phrase above into concrete actions
    throw new io.cucumber.java.PendingException();
}
@When(&amp;quot;The user clicks {string} buttons of {string} tab on the homepage after Sign in&amp;quot;)
public void the_user_clicks_buttons_of_tab_on_the_homepage_after_sign_in(String string, String string2) {
    // Write code here that turns the phrase above into concrete actions
    throw new io.cucumber.java.PendingException();
}
@Then(&amp;quot;The user should be able to see Linked List page with details.&amp;quot;)
public void the_user_should_be_able_to_see_linked_list_page_with_details() {
    // Write code here that turns the phrase above into concrete actions
    throw new io.cucumber.java.PendingException();
}
">
      <![CDATA[io.cucumber.testng.UndefinedStepException: The step 'The user is on the Home page after sign in' and 2 other step(s) are undefined.
You can implement these steps using the snippet(s) below:

@Given("The user is on the Home page after sign in")
public void the_user_is_on_the_home_page_after_sign_in() {
    // Write code here that turns the phrase above into concrete actions
    throw new io.cucumber.java.PendingException();
}
@When("The user clicks {string} buttons of {string} tab on the homepage after Sign in")
public void the_user_clicks_buttons_of_tab_on_the_homepage_after_sign_in(String string, String string2) {
    // Write code here that turns the phrase above into concrete actions
    throw new io.cucumber.java.PendingException();
}
@Then("The user should be able to see Linked List page with details.")
public void the_user_should_be_able_to_see_linked_list_page_with_details() {
    // Write code here that turns the phrase above into concrete actions
    throw new io.cucumber.java.PendingException();
}

at ✽.The user is on the Home page after sign in(file:///C:/Users/prash/github/DS_Algo/src/test/resources/features/homePagewithLogin.feature:41)
]]>
    </failure>
  </testcase> <!-- runScenario -->
  <testcase classname="io.cucumber.testng.AbstractTestNGCucumberTests" name="runScenario" time="3.922">
    <failure type="io.cucumber.testng.UndefinedStepException" message="The step &amp;apos;The user is on the Home page after sign in&amp;apos; and 2 other step(s) are undefined.
You can implement these steps using the snippet(s) below:

@Given(&amp;quot;The user is on the Home page after sign in&amp;quot;)
public void the_user_is_on_the_home_page_after_sign_in() {
    // Write code here that turns the phrase above into concrete actions
    throw new io.cucumber.java.PendingException();
}
@When(&amp;quot;The user clicks {string} buttons of {string} tab on the homepage after Sign in&amp;quot;)
public void the_user_clicks_buttons_of_tab_on_the_homepage_after_sign_in(String string, String string2) {
    // Write code here that turns the phrase above into concrete actions
    throw new io.cucumber.java.PendingException();
}
@Then(&amp;quot;The user should be able to see Stack page with details.&amp;quot;)
public void the_user_should_be_able_to_see_stack_page_with_details() {
    // Write code here that turns the phrase above into concrete actions
    throw new io.cucumber.java.PendingException();
}
">
      <![CDATA[io.cucumber.testng.UndefinedStepException: The step 'The user is on the Home page after sign in' and 2 other step(s) are undefined.
You can implement these steps using the snippet(s) below:

@Given("The user is on the Home page after sign in")
public void the_user_is_on_the_home_page_after_sign_in() {
    // Write code here that turns the phrase above into concrete actions
    throw new io.cucumber.java.PendingException();
}
@When("The user clicks {string} buttons of {string} tab on the homepage after Sign in")
public void the_user_clicks_buttons_of_tab_on_the_homepage_after_sign_in(String string, String string2) {
    // Write code here that turns the phrase above into concrete actions
    throw new io.cucumber.java.PendingException();
}
@Then("The user should be able to see Stack page with details.")
public void the_user_should_be_able_to_see_stack_page_with_details() {
    // Write code here that turns the phrase above into concrete actions
    throw new io.cucumber.java.PendingException();
}

at ✽.The user is on the Home page after sign in(file:///C:/Users/prash/github/DS_Algo/src/test/resources/features/homePagewithLogin.feature:46)
]]>
    </failure>
  </testcase> <!-- runScenario -->
  <testcase classname="io.cucumber.testng.AbstractTestNGCucumberTests" name="runScenario" time="3.915">
    <failure type="io.cucumber.testng.UndefinedStepException" message="The step &amp;apos;The user is on the Home page after sign in&amp;apos; and 2 other step(s) are undefined.
You can implement these steps using the snippet(s) below:

@Given(&amp;quot;The user is on the Home page after sign in&amp;quot;)
public void the_user_is_on_the_home_page_after_sign_in() {
    // Write code here that turns the phrase above into concrete actions
    throw new io.cucumber.java.PendingException();
}
@When(&amp;quot;The user clicks {string} buttons of {string} tab on the homepage after Sign in&amp;quot;)
public void the_user_clicks_buttons_of_tab_on_the_homepage_after_sign_in(String string, String string2) {
    // Write code here that turns the phrase above into concrete actions
    throw new io.cucumber.java.PendingException();
}
@Then(&amp;quot;The user should be able to see Queue page with details.&amp;quot;)
public void the_user_should_be_able_to_see_queue_page_with_details() {
    // Write code here that turns the phrase above into concrete actions
    throw new io.cucumber.java.PendingException();
}
">
      <![CDATA[io.cucumber.testng.UndefinedStepException: The step 'The user is on the Home page after sign in' and 2 other step(s) are undefined.
You can implement these steps using the snippet(s) below:

@Given("The user is on the Home page after sign in")
public void the_user_is_on_the_home_page_after_sign_in() {
    // Write code here that turns the phrase above into concrete actions
    throw new io.cucumber.java.PendingException();
}
@When("The user clicks {string} buttons of {string} tab on the homepage after Sign in")
public void the_user_clicks_buttons_of_tab_on_the_homepage_after_sign_in(String string, String string2) {
    // Write code here that turns the phrase above into concrete actions
    throw new io.cucumber.java.PendingException();
}
@Then("The user should be able to see Queue page with details.")
public void the_user_should_be_able_to_see_queue_page_with_details() {
    // Write code here that turns the phrase above into concrete actions
    throw new io.cucumber.java.PendingException();
}

at ✽.The user is on the Home page after sign in(file:///C:/Users/prash/github/DS_Algo/src/test/resources/features/homePagewithLogin.feature:51)
]]>
    </failure>
  </testcase> <!-- runScenario -->
  <testcase classname="io.cucumber.testng.AbstractTestNGCucumberTests" name="runScenario" time="3.715">
    <failure type="io.cucumber.testng.UndefinedStepException" message="The step &amp;apos;The user is on the Home page after sign in&amp;apos; and 2 other step(s) are undefined.
You can implement these steps using the snippet(s) below:

@Given(&amp;quot;The user is on the Home page after sign in&amp;quot;)
public void the_user_is_on_the_home_page_after_sign_in() {
    // Write code here that turns the phrase above into concrete actions
    throw new io.cucumber.java.PendingException();
}
@When(&amp;quot;The user clicks {string} buttons of {string} tab on the homepage after Sign in&amp;quot;)
public void the_user_clicks_buttons_of_tab_on_the_homepage_after_sign_in(String string, String string2) {
    // Write code here that turns the phrase above into concrete actions
    throw new io.cucumber.java.PendingException();
}
@Then(&amp;quot;The user should be able to see Tree page with details.&amp;quot;)
public void the_user_should_be_able_to_see_tree_page_with_details() {
    // Write code here that turns the phrase above into concrete actions
    throw new io.cucumber.java.PendingException();
}
">
      <![CDATA[io.cucumber.testng.UndefinedStepException: The step 'The user is on the Home page after sign in' and 2 other step(s) are undefined.
You can implement these steps using the snippet(s) below:

@Given("The user is on the Home page after sign in")
public void the_user_is_on_the_home_page_after_sign_in() {
    // Write code here that turns the phrase above into concrete actions
    throw new io.cucumber.java.PendingException();
}
@When("The user clicks {string} buttons of {string} tab on the homepage after Sign in")
public void the_user_clicks_buttons_of_tab_on_the_homepage_after_sign_in(String string, String string2) {
    // Write code here that turns the phrase above into concrete actions
    throw new io.cucumber.java.PendingException();
}
@Then("The user should be able to see Tree page with details.")
public void the_user_should_be_able_to_see_tree_page_with_details() {
    // Write code here that turns the phrase above into concrete actions
    throw new io.cucumber.java.PendingException();
}

at ✽.The user is on the Home page after sign in(file:///C:/Users/prash/github/DS_Algo/src/test/resources/features/homePagewithLogin.feature:56)
]]>
    </failure>
  </testcase> <!-- runScenario -->
  <testcase classname="io.cucumber.testng.AbstractTestNGCucumberTests" name="runScenario" time="3.528">
    <failure type="io.cucumber.testng.UndefinedStepException" message="The step &amp;apos;The user is on the Home page after sign in&amp;apos; and 2 other step(s) are undefined.
You can implement these steps using the snippet(s) below:

@Given(&amp;quot;The user is on the Home page after sign in&amp;quot;)
public void the_user_is_on_the_home_page_after_sign_in() {
    // Write code here that turns the phrase above into concrete actions
    throw new io.cucumber.java.PendingException();
}
@When(&amp;quot;The user clicks {string} buttons of {string} tab on the homepage after Sign in&amp;quot;)
public void the_user_clicks_buttons_of_tab_on_the_homepage_after_sign_in(String string, String string2) {
    // Write code here that turns the phrase above into concrete actions
    throw new io.cucumber.java.PendingException();
}
@Then(&amp;quot;The user should be able to see Graph page with details.&amp;quot;)
public void the_user_should_be_able_to_see_graph_page_with_details() {
    // Write code here that turns the phrase above into concrete actions
    throw new io.cucumber.java.PendingException();
}
">
      <![CDATA[io.cucumber.testng.UndefinedStepException: The step 'The user is on the Home page after sign in' and 2 other step(s) are undefined.
You can implement these steps using the snippet(s) below:

@Given("The user is on the Home page after sign in")
public void the_user_is_on_the_home_page_after_sign_in() {
    // Write code here that turns the phrase above into concrete actions
    throw new io.cucumber.java.PendingException();
}
@When("The user clicks {string} buttons of {string} tab on the homepage after Sign in")
public void the_user_clicks_buttons_of_tab_on_the_homepage_after_sign_in(String string, String string2) {
    // Write code here that turns the phrase above into concrete actions
    throw new io.cucumber.java.PendingException();
}
@Then("The user should be able to see Graph page with details.")
public void the_user_should_be_able_to_see_graph_page_with_details() {
    // Write code here that turns the phrase above into concrete actions
    throw new io.cucumber.java.PendingException();
}

at ✽.The user is on the Home page after sign in(file:///C:/Users/prash/github/DS_Algo/src/test/resources/features/homePagewithLogin.feature:61)
]]>
    </failure>
  </testcase> <!-- runScenario -->
</testsuite> <!-- Default test -->
