<?xml version="1.0" encoding="UTF-8"?>
<testng-results ignored="0" total="12" passed="0" failed="12" skipped="0">
  <reporter-output>
  </reporter-output>
  <suite started-at="2025-10-14T14:43:11 IST" name="Default suite" finished-at="2025-10-14T14:44:02 IST" duration-ms="50751">
    <groups>
      <group name="cucumber">
        <method signature="AbstractTestNGCucumberTests.runScenario(io.cucumber.testng.PickleWrapper,io.cucumber.testng.FeatureWrapper)[pri:0, instance:runner.TestRunner@3af9c5b7]" name="runScenario" class="io.cucumber.testng.AbstractTestNGCucumberTests"/>
      </group> <!-- cucumber -->
    </groups>
    <test started-at="2025-10-14T14:43:11 IST" name="Default test" finished-at="2025-10-14T14:44:02 IST" duration-ms="50751">
      <class name="runner.TestRunner">
        <test-method is-config="true" signature="setUpClass(org.testng.ITestContext)[pri:0, instance:runner.TestRunner@3af9c5b7]" started-at="2025-10-14T14:43:11 IST" name="setUpClass" finished-at="2025-10-14T14:43:12 IST" duration-ms="1389" status="PASS">
          <params>
            <param index="0">
              <value>
                <![CDATA[org.testng.TestRunner@6629643d]]>
              </value>
            </param>
          </params>
          <reporter-output>
          </reporter-output>
        </test-method> <!-- setUpClass -->
        <test-method signature="runScenario(io.cucumber.testng.PickleWrapper,io.cucumber.testng.FeatureWrapper)[pri:0, instance:runner.TestRunner@3af9c5b7]" started-at="2025-10-14T14:43:12 IST" name="runScenario" description="Runs Cucumber Scenarios" data-provider="scenarios" finished-at="2025-10-14T14:43:18 IST" duration-ms="5539" status="FAIL">
          <params>
            <param index="0">
              <value>
                <![CDATA["Verify that user is able to see Array details page while selecting "Arrays" from the drop down"]]>
              </value>
            </param>
            <param index="1">
              <value>
                <![CDATA["DS Algo Portal functional testing"]]>
              </value>
            </param>
          </params>
          <exception class="io.cucumber.testng.UndefinedStepException">
            <message>
              <![CDATA[The step 'The user is on the Home page after sign in' and 2 other step(s) are undefined.
You can implement these steps using the snippet(s) below:

@Given("The user is on the Home page after sign in")
public void the_user_is_on_the_home_page_after_sign_in() {
    // Write code here that turns the phrase above into concrete actions
    throw new io.cucumber.java.PendingException();
}
@When("The user selects {string} from the drop down after Sign in.")
public void the_user_selects_from_the_drop_down_after_sign_in(String string) {
    // Write code here that turns the phrase above into concrete actions
    throw new io.cucumber.java.PendingException();
}
@Then("The user should be able to see Array page with details.")
public void the_user_should_be_able_to_see_array_page_with_details() {
    // Write code here that turns the phrase above into concrete actions
    throw new io.cucumber.java.PendingException();
}
]]>
            </message>
            <full-stacktrace>
              <![CDATA[io.cucumber.testng.UndefinedStepException: The step 'The user is on the Home page after sign in' and 2 other step(s) are undefined.
You can implement these steps using the snippet(s) below:

@Given("The user is on the Home page after sign in")
public void the_user_is_on_the_home_page_after_sign_in() {
    // Write code here that turns the phrase above into concrete actions
    throw new io.cucumber.java.PendingException();
}
@When("The user selects {string} from the drop down after Sign in.")
public void the_user_selects_from_the_drop_down_after_sign_in(String string) {
    // Write code here that turns the phrase above into concrete actions
    throw new io.cucumber.java.PendingException();
}
@Then("The user should be able to see Array page with details.")
public void the_user_should_be_able_to_see_array_page_with_details() {
    // Write code here that turns the phrase above into concrete actions
    throw new io.cucumber.java.PendingException();
}

at ✽.The user is on the Home page after sign in(file:///C:/Users/prash/github/DS_Algo/src/test/resources/features/homePagewithLogin.feature:6)
]]>
            </full-stacktrace>
          </exception> <!-- io.cucumber.testng.UndefinedStepException -->
          <reporter-output>
          </reporter-output>
        </test-method> <!-- runScenario -->
        <test-method signature="runScenario(io.cucumber.testng.PickleWrapper,io.cucumber.testng.FeatureWrapper)[pri:0, instance:runner.TestRunner@3af9c5b7]" started-at="2025-10-14T14:43:18 IST" name="runScenario" description="Runs Cucumber Scenarios" data-provider="scenarios" finished-at="2025-10-14T14:43:23 IST" duration-ms="5253" status="FAIL">
          <params>
            <param index="0">
              <value>
                <![CDATA["Verify that user is able to see Linked List details page while selecting "Linked List" from the drop down"]]>
              </value>
            </param>
            <param index="1">
              <value>
                <![CDATA["DS Algo Portal functional testing"]]>
              </value>
            </param>
          </params>
          <exception class="io.cucumber.testng.UndefinedStepException">
            <message>
              <![CDATA[The step 'The user is on the Home page  after sign in' and 2 other step(s) are undefined.
You can implement these steps using the snippet(s) below:

@Given("The user is on the Home page  after sign in")
public void the_user_is_on_the_home_page_after_sign_in() {
    // Write code here that turns the phrase above into concrete actions
    throw new io.cucumber.java.PendingException();
}
@When("The user selects {string} from the drop down after Sign in.")
public void the_user_selects_from_the_drop_down_after_sign_in(String string) {
    // Write code here that turns the phrase above into concrete actions
    throw new io.cucumber.java.PendingException();
}
@Then("The user should be able to see Linked List page with details.")
public void the_user_should_be_able_to_see_linked_list_page_with_details() {
    // Write code here that turns the phrase above into concrete actions
    throw new io.cucumber.java.PendingException();
}
]]>
            </message>
            <full-stacktrace>
              <![CDATA[io.cucumber.testng.UndefinedStepException: The step 'The user is on the Home page  after sign in' and 2 other step(s) are undefined.
You can implement these steps using the snippet(s) below:

@Given("The user is on the Home page  after sign in")
public void the_user_is_on_the_home_page_after_sign_in() {
    // Write code here that turns the phrase above into concrete actions
    throw new io.cucumber.java.PendingException();
}
@When("The user selects {string} from the drop down after Sign in.")
public void the_user_selects_from_the_drop_down_after_sign_in(String string) {
    // Write code here that turns the phrase above into concrete actions
    throw new io.cucumber.java.PendingException();
}
@Then("The user should be able to see Linked List page with details.")
public void the_user_should_be_able_to_see_linked_list_page_with_details() {
    // Write code here that turns the phrase above into concrete actions
    throw new io.cucumber.java.PendingException();
}

at ✽.The user is on the Home page  after sign in(file:///C:/Users/prash/github/DS_Algo/src/test/resources/features/homePagewithLogin.feature:11)
]]>
            </full-stacktrace>
          </exception> <!-- io.cucumber.testng.UndefinedStepException -->
          <reporter-output>
          </reporter-output>
        </test-method> <!-- runScenario -->
        <test-method signature="runScenario(io.cucumber.testng.PickleWrapper,io.cucumber.testng.FeatureWrapper)[pri:0, instance:runner.TestRunner@3af9c5b7]" started-at="2025-10-14T14:43:23 IST" name="runScenario" description="Runs Cucumber Scenarios" data-provider="scenarios" finished-at="2025-10-14T14:43:27 IST" duration-ms="4222" status="FAIL">
          <params>
            <param index="0">
              <value>
                <![CDATA["Verify that user is able to see Queue details page while selecting "Queue" from the drop down"]]>
              </value>
            </param>
            <param index="1">
              <value>
                <![CDATA["DS Algo Portal functional testing"]]>
              </value>
            </param>
          </params>
          <exception class="io.cucumber.testng.UndefinedStepException">
            <message>
              <![CDATA[The step 'The user is on the Home page after sign in' and 2 other step(s) are undefined.
You can implement these steps using the snippet(s) below:

@Given("The user is on the Home page after sign in")
public void the_user_is_on_the_home_page_after_sign_in() {
    // Write code here that turns the phrase above into concrete actions
    throw new io.cucumber.java.PendingException();
}
@When("The user selects {string} from the drop down after Sign in.")
public void the_user_selects_from_the_drop_down_after_sign_in(String string) {
    // Write code here that turns the phrase above into concrete actions
    throw new io.cucumber.java.PendingException();
}
@Then("The user should be able to see Queue page with details.")
public void the_user_should_be_able_to_see_queue_page_with_details() {
    // Write code here that turns the phrase above into concrete actions
    throw new io.cucumber.java.PendingException();
}
]]>
            </message>
            <full-stacktrace>
              <![CDATA[io.cucumber.testng.UndefinedStepException: The step 'The user is on the Home page after sign in' and 2 other step(s) are undefined.
You can implement these steps using the snippet(s) below:

@Given("The user is on the Home page after sign in")
public void the_user_is_on_the_home_page_after_sign_in() {
    // Write code here that turns the phrase above into concrete actions
    throw new io.cucumber.java.PendingException();
}
@When("The user selects {string} from the drop down after Sign in.")
public void the_user_selects_from_the_drop_down_after_sign_in(String string) {
    // Write code here that turns the phrase above into concrete actions
    throw new io.cucumber.java.PendingException();
}
@Then("The user should be able to see Queue page with details.")
public void the_user_should_be_able_to_see_queue_page_with_details() {
    // Write code here that turns the phrase above into concrete actions
    throw new io.cucumber.java.PendingException();
}

at ✽.The user is on the Home page after sign in(file:///C:/Users/prash/github/DS_Algo/src/test/resources/features/homePagewithLogin.feature:16)
]]>
            </full-stacktrace>
          </exception> <!-- io.cucumber.testng.UndefinedStepException -->
          <reporter-output>
          </reporter-output>
        </test-method> <!-- runScenario -->
        <test-method signature="runScenario(io.cucumber.testng.PickleWrapper,io.cucumber.testng.FeatureWrapper)[pri:0, instance:runner.TestRunner@3af9c5b7]" started-at="2025-10-14T14:43:27 IST" name="runScenario" description="Runs Cucumber Scenarios" data-provider="scenarios" finished-at="2025-10-14T14:43:31 IST" duration-ms="3947" status="FAIL">
          <params>
            <param index="0">
              <value>
                <![CDATA["Verify that user is able to see Tree details page while selecting "Tree" from the drop down"]]>
              </value>
            </param>
            <param index="1">
              <value>
                <![CDATA["DS Algo Portal functional testing"]]>
              </value>
            </param>
          </params>
          <exception class="io.cucumber.testng.UndefinedStepException">
            <message>
              <![CDATA[The step 'The user is on the Home page after sign in' and 2 other step(s) are undefined.
You can implement these steps using the snippet(s) below:

@Given("The user is on the Home page after sign in")
public void the_user_is_on_the_home_page_after_sign_in() {
    // Write code here that turns the phrase above into concrete actions
    throw new io.cucumber.java.PendingException();
}
@When("The user selects {string} from the drop down after Sign in.")
public void the_user_selects_from_the_drop_down_after_sign_in(String string) {
    // Write code here that turns the phrase above into concrete actions
    throw new io.cucumber.java.PendingException();
}
@Then("The user should be able to see Tree page with details.")
public void the_user_should_be_able_to_see_tree_page_with_details() {
    // Write code here that turns the phrase above into concrete actions
    throw new io.cucumber.java.PendingException();
}
]]>
            </message>
            <full-stacktrace>
              <![CDATA[io.cucumber.testng.UndefinedStepException: The step 'The user is on the Home page after sign in' and 2 other step(s) are undefined.
You can implement these steps using the snippet(s) below:

@Given("The user is on the Home page after sign in")
public void the_user_is_on_the_home_page_after_sign_in() {
    // Write code here that turns the phrase above into concrete actions
    throw new io.cucumber.java.PendingException();
}
@When("The user selects {string} from the drop down after Sign in.")
public void the_user_selects_from_the_drop_down_after_sign_in(String string) {
    // Write code here that turns the phrase above into concrete actions
    throw new io.cucumber.java.PendingException();
}
@Then("The user should be able to see Tree page with details.")
public void the_user_should_be_able_to_see_tree_page_with_details() {
    // Write code here that turns the phrase above into concrete actions
    throw new io.cucumber.java.PendingException();
}

at ✽.The user is on the Home page after sign in(file:///C:/Users/prash/github/DS_Algo/src/test/resources/features/homePagewithLogin.feature:21)
]]>
            </full-stacktrace>
          </exception> <!-- io.cucumber.testng.UndefinedStepException -->
          <reporter-output>
          </reporter-output>
        </test-method> <!-- runScenario -->
        <test-method signature="runScenario(io.cucumber.testng.PickleWrapper,io.cucumber.testng.FeatureWrapper)[pri:0, instance:runner.TestRunner@3af9c5b7]" started-at="2025-10-14T14:43:31 IST" name="runScenario" description="Runs Cucumber Scenarios" data-provider="scenarios" finished-at="2025-10-14T14:43:35 IST" duration-ms="4122" status="FAIL">
          <params>
            <param index="0">
              <value>
                <![CDATA["Verify that user is able to see Graph details page while selecting "Graph" from the drop down"]]>
              </value>
            </param>
            <param index="1">
              <value>
                <![CDATA["DS Algo Portal functional testing"]]>
              </value>
            </param>
          </params>
          <exception class="io.cucumber.testng.UndefinedStepException">
            <message>
              <![CDATA[The step 'The user is on the Home page after sign in' and 2 other step(s) are undefined.
You can implement these steps using the snippet(s) below:

@Given("The user is on the Home page after sign in")
public void the_user_is_on_the_home_page_after_sign_in() {
    // Write code here that turns the phrase above into concrete actions
    throw new io.cucumber.java.PendingException();
}
@When("The user selects {string} from the drop down after Sign in.")
public void the_user_selects_from_the_drop_down_after_sign_in(String string) {
    // Write code here that turns the phrase above into concrete actions
    throw new io.cucumber.java.PendingException();
}
@Then("The user should be able to see Graph page with details.")
public void the_user_should_be_able_to_see_graph_page_with_details() {
    // Write code here that turns the phrase above into concrete actions
    throw new io.cucumber.java.PendingException();
}
]]>
            </message>
            <full-stacktrace>
              <![CDATA[io.cucumber.testng.UndefinedStepException: The step 'The user is on the Home page after sign in' and 2 other step(s) are undefined.
You can implement these steps using the snippet(s) below:

@Given("The user is on the Home page after sign in")
public void the_user_is_on_the_home_page_after_sign_in() {
    // Write code here that turns the phrase above into concrete actions
    throw new io.cucumber.java.PendingException();
}
@When("The user selects {string} from the drop down after Sign in.")
public void the_user_selects_from_the_drop_down_after_sign_in(String string) {
    // Write code here that turns the phrase above into concrete actions
    throw new io.cucumber.java.PendingException();
}
@Then("The user should be able to see Graph page with details.")
public void the_user_should_be_able_to_see_graph_page_with_details() {
    // Write code here that turns the phrase above into concrete actions
    throw new io.cucumber.java.PendingException();
}

at ✽.The user is on the Home page after sign in(file:///C:/Users/prash/github/DS_Algo/src/test/resources/features/homePagewithLogin.feature:26)
]]>
            </full-stacktrace>
          </exception> <!-- io.cucumber.testng.UndefinedStepException -->
          <reporter-output>
          </reporter-output>
        </test-method> <!-- runScenario -->
        <test-method signature="runScenario(io.cucumber.testng.PickleWrapper,io.cucumber.testng.FeatureWrapper)[pri:0, instance:runner.TestRunner@3af9c5b7]" started-at="2025-10-14T14:43:35 IST" name="runScenario" description="Runs Cucumber Scenarios" data-provider="scenarios" finished-at="2025-10-14T14:43:39 IST" duration-ms="3855" status="FAIL">
          <params>
            <param index="0">
              <value>
                <![CDATA["Verify that user is able to see Data-Structures-page with details on clicking "Get Started" buttons of "Data Structures-Introduction" tab on the home page"]]>
              </value>
            </param>
            <param index="1">
              <value>
                <![CDATA["DS Algo Portal functional testing"]]>
              </value>
            </param>
          </params>
          <exception class="io.cucumber.testng.UndefinedStepException">
            <message>
              <![CDATA[The step 'The user is on the Home page after sign in' and 2 other step(s) are undefined.
You can implement these steps using the snippet(s) below:

@Given("The user is on the Home page after sign in")
public void the_user_is_on_the_home_page_after_sign_in() {
    // Write code here that turns the phrase above into concrete actions
    throw new io.cucumber.java.PendingException();
}
@When("The user clicks {string} buttons of {string} tab on the homepage after Sign in")
public void the_user_clicks_buttons_of_tab_on_the_homepage_after_sign_in(String string, String string2) {
    // Write code here that turns the phrase above into concrete actions
    throw new io.cucumber.java.PendingException();
}
@Then("The user should be able to see Data Structures-Introduction page with details.")
public void the_user_should_be_able_to_see_data_structures_introduction_page_with_details() {
    // Write code here that turns the phrase above into concrete actions
    throw new io.cucumber.java.PendingException();
}
]]>
            </message>
            <full-stacktrace>
              <![CDATA[io.cucumber.testng.UndefinedStepException: The step 'The user is on the Home page after sign in' and 2 other step(s) are undefined.
You can implement these steps using the snippet(s) below:

@Given("The user is on the Home page after sign in")
public void the_user_is_on_the_home_page_after_sign_in() {
    // Write code here that turns the phrase above into concrete actions
    throw new io.cucumber.java.PendingException();
}
@When("The user clicks {string} buttons of {string} tab on the homepage after Sign in")
public void the_user_clicks_buttons_of_tab_on_the_homepage_after_sign_in(String string, String string2) {
    // Write code here that turns the phrase above into concrete actions
    throw new io.cucumber.java.PendingException();
}
@Then("The user should be able to see Data Structures-Introduction page with details.")
public void the_user_should_be_able_to_see_data_structures_introduction_page_with_details() {
    // Write code here that turns the phrase above into concrete actions
    throw new io.cucumber.java.PendingException();
}

at ✽.The user is on the Home page after sign in(file:///C:/Users/prash/github/DS_Algo/src/test/resources/features/homePagewithLogin.feature:31)
]]>
            </full-stacktrace>
          </exception> <!-- io.cucumber.testng.UndefinedStepException -->
          <reporter-output>
          </reporter-output>
        </test-method> <!-- runScenario -->
        <test-method signature="runScenario(io.cucumber.testng.PickleWrapper,io.cucumber.testng.FeatureWrapper)[pri:0, instance:runner.TestRunner@3af9c5b7]" started-at="2025-10-14T14:43:39 IST" name="runScenario" description="Runs Cucumber Scenarios" data-provider="scenarios" finished-at="2025-10-14T14:43:42 IST" duration-ms="3208" status="FAIL">
          <params>
            <param index="0">
              <value>
                <![CDATA["Verify that user is able to see Array page with details on clicking "Get Started" buttons of "Array" tab on the home page"]]>
              </value>
            </param>
            <param index="1">
              <value>
                <![CDATA["DS Algo Portal functional testing"]]>
              </value>
            </param>
          </params>
          <exception class="io.cucumber.testng.UndefinedStepException">
            <message>
              <![CDATA[The step 'The user is on the Home page after sign in' and 2 other step(s) are undefined.
You can implement these steps using the snippet(s) below:

@Given("The user is on the Home page after sign in")
public void the_user_is_on_the_home_page_after_sign_in() {
    // Write code here that turns the phrase above into concrete actions
    throw new io.cucumber.java.PendingException();
}
@When("The user clicks {string} buttons of {string} tab on the homepage after Sign in")
public void the_user_clicks_buttons_of_tab_on_the_homepage_after_sign_in(String string, String string2) {
    // Write code here that turns the phrase above into concrete actions
    throw new io.cucumber.java.PendingException();
}
@Then("The user should be able to see Array page with details.")
public void the_user_should_be_able_to_see_array_page_with_details() {
    // Write code here that turns the phrase above into concrete actions
    throw new io.cucumber.java.PendingException();
}
]]>
            </message>
            <full-stacktrace>
              <![CDATA[io.cucumber.testng.UndefinedStepException: The step 'The user is on the Home page after sign in' and 2 other step(s) are undefined.
You can implement these steps using the snippet(s) below:

@Given("The user is on the Home page after sign in")
public void the_user_is_on_the_home_page_after_sign_in() {
    // Write code here that turns the phrase above into concrete actions
    throw new io.cucumber.java.PendingException();
}
@When("The user clicks {string} buttons of {string} tab on the homepage after Sign in")
public void the_user_clicks_buttons_of_tab_on_the_homepage_after_sign_in(String string, String string2) {
    // Write code here that turns the phrase above into concrete actions
    throw new io.cucumber.java.PendingException();
}
@Then("The user should be able to see Array page with details.")
public void the_user_should_be_able_to_see_array_page_with_details() {
    // Write code here that turns the phrase above into concrete actions
    throw new io.cucumber.java.PendingException();
}

at ✽.The user is on the Home page after sign in(file:///C:/Users/prash/github/DS_Algo/src/test/resources/features/homePagewithLogin.feature:36)
]]>
            </full-stacktrace>
          </exception> <!-- io.cucumber.testng.UndefinedStepException -->
          <reporter-output>
          </reporter-output>
        </test-method> <!-- runScenario -->
        <test-method signature="runScenario(io.cucumber.testng.PickleWrapper,io.cucumber.testng.FeatureWrapper)[pri:0, instance:runner.TestRunner@3af9c5b7]" started-at="2025-10-14T14:43:42 IST" name="runScenario" description="Runs Cucumber Scenarios" data-provider="scenarios" finished-at="2025-10-14T14:43:46 IST" duration-ms="3479" status="FAIL">
          <params>
            <param index="0">
              <value>
                <![CDATA["Verify that user is able to see Linked List page with details on clicking "Get Started" buttons of "Linked List" tab on the home page"]]>
              </value>
            </param>
            <param index="1">
              <value>
                <![CDATA["DS Algo Portal functional testing"]]>
              </value>
            </param>
          </params>
          <exception class="io.cucumber.testng.UndefinedStepException">
            <message>
              <![CDATA[The step 'The user is on the Home page after sign in' and 2 other step(s) are undefined.
You can implement these steps using the snippet(s) below:

@Given("The user is on the Home page after sign in")
public void the_user_is_on_the_home_page_after_sign_in() {
    // Write code here that turns the phrase above into concrete actions
    throw new io.cucumber.java.PendingException();
}
@When("The user clicks {string} buttons of {string} tab on the homepage after Sign in")
public void the_user_clicks_buttons_of_tab_on_the_homepage_after_sign_in(String string, String string2) {
    // Write code here that turns the phrase above into concrete actions
    throw new io.cucumber.java.PendingException();
}
@Then("The user should be able to see Linked List page with details.")
public void the_user_should_be_able_to_see_linked_list_page_with_details() {
    // Write code here that turns the phrase above into concrete actions
    throw new io.cucumber.java.PendingException();
}
]]>
            </message>
            <full-stacktrace>
              <![CDATA[io.cucumber.testng.UndefinedStepException: The step 'The user is on the Home page after sign in' and 2 other step(s) are undefined.
You can implement these steps using the snippet(s) below:

@Given("The user is on the Home page after sign in")
public void the_user_is_on_the_home_page_after_sign_in() {
    // Write code here that turns the phrase above into concrete actions
    throw new io.cucumber.java.PendingException();
}
@When("The user clicks {string} buttons of {string} tab on the homepage after Sign in")
public void the_user_clicks_buttons_of_tab_on_the_homepage_after_sign_in(String string, String string2) {
    // Write code here that turns the phrase above into concrete actions
    throw new io.cucumber.java.PendingException();
}
@Then("The user should be able to see Linked List page with details.")
public void the_user_should_be_able_to_see_linked_list_page_with_details() {
    // Write code here that turns the phrase above into concrete actions
    throw new io.cucumber.java.PendingException();
}

at ✽.The user is on the Home page after sign in(file:///C:/Users/prash/github/DS_Algo/src/test/resources/features/homePagewithLogin.feature:41)
]]>
            </full-stacktrace>
          </exception> <!-- io.cucumber.testng.UndefinedStepException -->
          <reporter-output>
          </reporter-output>
        </test-method> <!-- runScenario -->
        <test-method signature="runScenario(io.cucumber.testng.PickleWrapper,io.cucumber.testng.FeatureWrapper)[pri:0, instance:runner.TestRunner@3af9c5b7]" started-at="2025-10-14T14:43:46 IST" name="runScenario" description="Runs Cucumber Scenarios" data-provider="scenarios" finished-at="2025-10-14T14:43:50 IST" duration-ms="3922" status="FAIL">
          <params>
            <param index="0">
              <value>
                <![CDATA["Verify that user is able to see Stack page with details on clicking "Get Started" buttons of "Stack" tab on the home page"]]>
              </value>
            </param>
            <param index="1">
              <value>
                <![CDATA["DS Algo Portal functional testing"]]>
              </value>
            </param>
          </params>
          <exception class="io.cucumber.testng.UndefinedStepException">
            <message>
              <![CDATA[The step 'The user is on the Home page after sign in' and 2 other step(s) are undefined.
You can implement these steps using the snippet(s) below:

@Given("The user is on the Home page after sign in")
public void the_user_is_on_the_home_page_after_sign_in() {
    // Write code here that turns the phrase above into concrete actions
    throw new io.cucumber.java.PendingException();
}
@When("The user clicks {string} buttons of {string} tab on the homepage after Sign in")
public void the_user_clicks_buttons_of_tab_on_the_homepage_after_sign_in(String string, String string2) {
    // Write code here that turns the phrase above into concrete actions
    throw new io.cucumber.java.PendingException();
}
@Then("The user should be able to see Stack page with details.")
public void the_user_should_be_able_to_see_stack_page_with_details() {
    // Write code here that turns the phrase above into concrete actions
    throw new io.cucumber.java.PendingException();
}
]]>
            </message>
            <full-stacktrace>
              <![CDATA[io.cucumber.testng.UndefinedStepException: The step 'The user is on the Home page after sign in' and 2 other step(s) are undefined.
You can implement these steps using the snippet(s) below:

@Given("The user is on the Home page after sign in")
public void the_user_is_on_the_home_page_after_sign_in() {
    // Write code here that turns the phrase above into concrete actions
    throw new io.cucumber.java.PendingException();
}
@When("The user clicks {string} buttons of {string} tab on the homepage after Sign in")
public void the_user_clicks_buttons_of_tab_on_the_homepage_after_sign_in(String string, String string2) {
    // Write code here that turns the phrase above into concrete actions
    throw new io.cucumber.java.PendingException();
}
@Then("The user should be able to see Stack page with details.")
public void the_user_should_be_able_to_see_stack_page_with_details() {
    // Write code here that turns the phrase above into concrete actions
    throw new io.cucumber.java.PendingException();
}

at ✽.The user is on the Home page after sign in(file:///C:/Users/prash/github/DS_Algo/src/test/resources/features/homePagewithLogin.feature:46)
]]>
            </full-stacktrace>
          </exception> <!-- io.cucumber.testng.UndefinedStepException -->
          <reporter-output>
          </reporter-output>
        </test-method> <!-- runScenario -->
        <test-method signature="runScenario(io.cucumber.testng.PickleWrapper,io.cucumber.testng.FeatureWrapper)[pri:0, instance:runner.TestRunner@3af9c5b7]" started-at="2025-10-14T14:43:50 IST" name="runScenario" description="Runs Cucumber Scenarios" data-provider="scenarios" finished-at="2025-10-14T14:43:54 IST" duration-ms="3915" status="FAIL">
          <params>
            <param index="0">
              <value>
                <![CDATA["Verify that user is able to see Queue page with details on clicking "Get Started" buttons of "Queue" tab on the home page"]]>
              </value>
            </param>
            <param index="1">
              <value>
                <![CDATA["DS Algo Portal functional testing"]]>
              </value>
            </param>
          </params>
          <exception class="io.cucumber.testng.UndefinedStepException">
            <message>
              <![CDATA[The step 'The user is on the Home page after sign in' and 2 other step(s) are undefined.
You can implement these steps using the snippet(s) below:

@Given("The user is on the Home page after sign in")
public void the_user_is_on_the_home_page_after_sign_in() {
    // Write code here that turns the phrase above into concrete actions
    throw new io.cucumber.java.PendingException();
}
@When("The user clicks {string} buttons of {string} tab on the homepage after Sign in")
public void the_user_clicks_buttons_of_tab_on_the_homepage_after_sign_in(String string, String string2) {
    // Write code here that turns the phrase above into concrete actions
    throw new io.cucumber.java.PendingException();
}
@Then("The user should be able to see Queue page with details.")
public void the_user_should_be_able_to_see_queue_page_with_details() {
    // Write code here that turns the phrase above into concrete actions
    throw new io.cucumber.java.PendingException();
}
]]>
            </message>
            <full-stacktrace>
              <![CDATA[io.cucumber.testng.UndefinedStepException: The step 'The user is on the Home page after sign in' and 2 other step(s) are undefined.
You can implement these steps using the snippet(s) below:

@Given("The user is on the Home page after sign in")
public void the_user_is_on_the_home_page_after_sign_in() {
    // Write code here that turns the phrase above into concrete actions
    throw new io.cucumber.java.PendingException();
}
@When("The user clicks {string} buttons of {string} tab on the homepage after Sign in")
public void the_user_clicks_buttons_of_tab_on_the_homepage_after_sign_in(String string, String string2) {
    // Write code here that turns the phrase above into concrete actions
    throw new io.cucumber.java.PendingException();
}
@Then("The user should be able to see Queue page with details.")
public void the_user_should_be_able_to_see_queue_page_with_details() {
    // Write code here that turns the phrase above into concrete actions
    throw new io.cucumber.java.PendingException();
}

at ✽.The user is on the Home page after sign in(file:///C:/Users/prash/github/DS_Algo/src/test/resources/features/homePagewithLogin.feature:51)
]]>
            </full-stacktrace>
          </exception> <!-- io.cucumber.testng.UndefinedStepException -->
          <reporter-output>
          </reporter-output>
        </test-method> <!-- runScenario -->
        <test-method signature="runScenario(io.cucumber.testng.PickleWrapper,io.cucumber.testng.FeatureWrapper)[pri:0, instance:runner.TestRunner@3af9c5b7]" started-at="2025-10-14T14:43:54 IST" name="runScenario" description="Runs Cucumber Scenarios" data-provider="scenarios" finished-at="2025-10-14T14:43:57 IST" duration-ms="3715" status="FAIL">
          <params>
            <param index="0">
              <value>
                <![CDATA["Verify that user is able to see Tree page with details on clicking "Get Started" buttons of "Tree" tab on the home page"]]>
              </value>
            </param>
            <param index="1">
              <value>
                <![CDATA["DS Algo Portal functional testing"]]>
              </value>
            </param>
          </params>
          <exception class="io.cucumber.testng.UndefinedStepException">
            <message>
              <![CDATA[The step 'The user is on the Home page after sign in' and 2 other step(s) are undefined.
You can implement these steps using the snippet(s) below:

@Given("The user is on the Home page after sign in")
public void the_user_is_on_the_home_page_after_sign_in() {
    // Write code here that turns the phrase above into concrete actions
    throw new io.cucumber.java.PendingException();
}
@When("The user clicks {string} buttons of {string} tab on the homepage after Sign in")
public void the_user_clicks_buttons_of_tab_on_the_homepage_after_sign_in(String string, String string2) {
    // Write code here that turns the phrase above into concrete actions
    throw new io.cucumber.java.PendingException();
}
@Then("The user should be able to see Tree page with details.")
public void the_user_should_be_able_to_see_tree_page_with_details() {
    // Write code here that turns the phrase above into concrete actions
    throw new io.cucumber.java.PendingException();
}
]]>
            </message>
            <full-stacktrace>
              <![CDATA[io.cucumber.testng.UndefinedStepException: The step 'The user is on the Home page after sign in' and 2 other step(s) are undefined.
You can implement these steps using the snippet(s) below:

@Given("The user is on the Home page after sign in")
public void the_user_is_on_the_home_page_after_sign_in() {
    // Write code here that turns the phrase above into concrete actions
    throw new io.cucumber.java.PendingException();
}
@When("The user clicks {string} buttons of {string} tab on the homepage after Sign in")
public void the_user_clicks_buttons_of_tab_on_the_homepage_after_sign_in(String string, String string2) {
    // Write code here that turns the phrase above into concrete actions
    throw new io.cucumber.java.PendingException();
}
@Then("The user should be able to see Tree page with details.")
public void the_user_should_be_able_to_see_tree_page_with_details() {
    // Write code here that turns the phrase above into concrete actions
    throw new io.cucumber.java.PendingException();
}

at ✽.The user is on the Home page after sign in(file:///C:/Users/prash/github/DS_Algo/src/test/resources/features/homePagewithLogin.feature:56)
]]>
            </full-stacktrace>
          </exception> <!-- io.cucumber.testng.UndefinedStepException -->
          <reporter-output>
          </reporter-output>
        </test-method> <!-- runScenario -->
        <test-method signature="runScenario(io.cucumber.testng.PickleWrapper,io.cucumber.testng.FeatureWrapper)[pri:0, instance:runner.TestRunner@3af9c5b7]" started-at="2025-10-14T14:43:57 IST" name="runScenario" description="Runs Cucumber Scenarios" data-provider="scenarios" finished-at="2025-10-14T14:44:01 IST" duration-ms="3528" status="FAIL">
          <params>
            <param index="0">
              <value>
                <![CDATA["Verify that user is able to see Graph page with details on clicking "Get Started" buttons of "Graph" tab on the home page"]]>
              </value>
            </param>
            <param index="1">
              <value>
                <![CDATA["DS Algo Portal functional testing"]]>
              </value>
            </param>
          </params>
          <exception class="io.cucumber.testng.UndefinedStepException">
            <message>
              <![CDATA[The step 'The user is on the Home page after sign in' and 2 other step(s) are undefined.
You can implement these steps using the snippet(s) below:

@Given("The user is on the Home page after sign in")
public void the_user_is_on_the_home_page_after_sign_in() {
    // Write code here that turns the phrase above into concrete actions
    throw new io.cucumber.java.PendingException();
}
@When("The user clicks {string} buttons of {string} tab on the homepage after Sign in")
public void the_user_clicks_buttons_of_tab_on_the_homepage_after_sign_in(String string, String string2) {
    // Write code here that turns the phrase above into concrete actions
    throw new io.cucumber.java.PendingException();
}
@Then("The user should be able to see Graph page with details.")
public void the_user_should_be_able_to_see_graph_page_with_details() {
    // Write code here that turns the phrase above into concrete actions
    throw new io.cucumber.java.PendingException();
}
]]>
            </message>
            <full-stacktrace>
              <![CDATA[io.cucumber.testng.UndefinedStepException: The step 'The user is on the Home page after sign in' and 2 other step(s) are undefined.
You can implement these steps using the snippet(s) below:

@Given("The user is on the Home page after sign in")
public void the_user_is_on_the_home_page_after_sign_in() {
    // Write code here that turns the phrase above into concrete actions
    throw new io.cucumber.java.PendingException();
}
@When("The user clicks {string} buttons of {string} tab on the homepage after Sign in")
public void the_user_clicks_buttons_of_tab_on_the_homepage_after_sign_in(String string, String string2) {
    // Write code here that turns the phrase above into concrete actions
    throw new io.cucumber.java.PendingException();
}
@Then("The user should be able to see Graph page with details.")
public void the_user_should_be_able_to_see_graph_page_with_details() {
    // Write code here that turns the phrase above into concrete actions
    throw new io.cucumber.java.PendingException();
}

at ✽.The user is on the Home page after sign in(file:///C:/Users/prash/github/DS_Algo/src/test/resources/features/homePagewithLogin.feature:61)
]]>
            </full-stacktrace>
          </exception> <!-- io.cucumber.testng.UndefinedStepException -->
          <reporter-output>
          </reporter-output>
        </test-method> <!-- runScenario -->
        <test-method is-config="true" signature="tearDownClass()[pri:0, instance:runner.TestRunner@3af9c5b7]" started-at="2025-10-14T14:44:01 IST" name="tearDownClass" finished-at="2025-10-14T14:44:02 IST" duration-ms="532" status="PASS">
          <reporter-output>
          </reporter-output>
        </test-method> <!-- tearDownClass -->
      </class> <!-- runner.TestRunner -->
    </test> <!-- Default test -->
  </suite> <!-- Default suite -->
</testng-results>
